[0325/070129.976:ERROR:crash_report_database_win.cc(428)] unexpected header
[0325/135757.918:ERROR:crash_report_database_win.cc(428)] unexpected header
[0326/001842.273:ERROR:crash_report_database_win.cc(428)] unexpected header
[0326/002842.279:ERROR:crash_report_database_win.cc(428)] unexpected header
[0326/002842.279:ERROR:crash_report_database_win.cc(428)] unexpected header
[0326/003342.292:ERROR:crash_report_database_win.cc(428)] unexpected header
[0326/004842.299:ERROR:crash_report_database_win.cc(428)] unexpected header
[0326/010710.448:ERROR:crash_report_database_win.cc(428)] unexpected header
[0326/012210.455:ERROR:crash_report_database_win.cc(428)] unexpected header
[0326/013710.458:ERROR:crash_report_database_win.cc(428)] unexpected header
[0326/015210.460:ERROR:crash_report_database_win.cc(428)] unexpected header
[0326/020710.461:ERROR:crash_report_database_win.cc(428)] unexpected header
[0326/022002.394:ERROR:file_io.cc(134)] WriteFile: The pipe is being closed. (0xE8)
[0326/022210.563:ERROR:crash_report_database_win.cc(428)] unexpected header
[0326/023710.567:ERROR:crash_report_database_win.cc(428)] unexpected header
[0326/025458.517:ERROR:crash_report_database_win.cc(428)] unexpected header
[0326/030958.521:ERROR:crash_report_database_win.cc(428)] unexpected header
[0326/032458.521:ERROR:crash_report_database_win.cc(428)] unexpected header
[0326/033958.534:ERROR:crash_report_database_win.cc(428)] unexpected header
[0326/035458.543:ERROR:crash_report_database_win.cc(428)] unexpected header
[0326/040958.560:ERROR:crash_report_database_win.cc(428)] unexpected header
[0326/042458.678:ERROR:crash_report_database_win.cc(428)] unexpected header
[0326/043958.688:ERROR:crash_report_database_win.cc(428)] unexpected header
[0326/045458.692:ERROR:crash_report_database_win.cc(428)] unexpected header
[0326/050958.710:ERROR:crash_report_database_win.cc(428)] unexpected header
[0326/052458.722:ERROR:crash_report_database_win.cc(428)] unexpected header
[0326/054143.822:ERROR:crash_report_database_win.cc(428)] unexpected header
[0326/055643.982:ERROR:crash_report_database_win.cc(428)] unexpected header
[0326/061143.990:ERROR:crash_report_database_win.cc(428)] unexpected header
[0326/062644.011:ERROR:crash_report_database_win.cc(428)] unexpected header
[0326/064144.080:ERROR:crash_report_database_win.cc(428)] unexpected header
[0326/065644.154:ERROR:crash_report_database_win.cc(428)] unexpected header
[0326/071144.204:ERROR:crash_report_database_win.cc(428)] unexpected header
[0326/072644.206:ERROR:crash_report_database_win.cc(428)] unexpected header
[0326/074144.499:ERROR:crash_report_database_win.cc(428)] unexpected header
[0326/075644.501:ERROR:crash_report_database_win.cc(428)] unexpected header
[0326/081144.861:ERROR:crash_report_database_win.cc(428)] unexpected header
[0326/081852.613:ERROR:crash_report_database_win.cc(428)] unexpected header
[0326/082644.904:ERROR:crash_report_database_win.cc(428)] unexpected header
[0326/084144.907:ERROR:crash_report_database_win.cc(428)] unexpected header
[0326/085644.911:ERROR:crash_report_database_win.cc(428)] unexpected header
[0326/091144.918:ERROR:crash_report_database_win.cc(428)] unexpected header
[0326/092644.920:ERROR:crash_report_database_win.cc(428)] unexpected header
[0326/094144.925:ERROR:crash_report_database_win.cc(428)] unexpected header
[0326/094231.582:ERROR:process_info.cc(329)] VirtualQueryEx: Access is denied. (0x5)
[0326/094231.788:ERROR:process_info.cc(556)] ReadMemoryInfo failed
[0326/094231.175:ERROR:scoped_process_suspend.cc(31)] NtSuspendProcess: An attempt was made to access an exiting process. (0xc000010a)
[0326/094232.152:ERROR:process_info.cc(118)] ReadProcessMemory bool __cdecl crashpad::(anonymous namespace)::ReadStruct(HANDLE, crashpad::WinVMAddress, T *) [T = crashpad::process_types::PEB<crashpad::process_types::internal::Traits64>]: Only part of a ReadProcessMemory or WriteProcessMemory request was completed. (0x12B)
[0326/094232.152:ERROR:process_info.cc(551)] ReadProcessData failed
[0326/094231.788:ERROR:scoped_process_suspend.cc(40)] NtResumeProcess: An attempt was made to access an exiting process. (0xc000010a)
[0326/094232.168:ERROR:process_reader_win.cc(123)] NtOpenThread: {Access Denied} A process has requested access to an object, but has not been granted those access rights. (0xc0000022)
[0326/094232.168:ERROR:exception_snapshot_win.cc(98)] thread ID 16128 not found in process
[0326/094232.168:ERROR:scoped_process_suspend.cc(40)] NtResumeProcess: An attempt was made to access an exiting process. (0xc000010a)
[0326/144820.053:ERROR:crash_report_database_win.cc(428)] unexpected header
[0327/000234.820:ERROR:crash_report_database_win.cc(428)] unexpected header
[0328/124758.001:ERROR:crash_report_database_win.cc(428)] unexpected header
[0328/125758.049:ERROR:crash_report_database_win.cc(428)] unexpected header
[0328/125758.049:ERROR:crash_report_database_win.cc(428)] unexpected header
[0328/130258.051:ERROR:crash_report_database_win.cc(428)] unexpected header
[0328/134406.959:ERROR:crash_report_database_win.cc(428)] unexpected header
[0329/032651.878:ERROR:crash_report_database_win.cc(428)] unexpected header
[0330/005835.896:ERROR:crash_report_database_win.cc(428)] unexpected header
[0330/061404.335:ERROR:crash_report_database_win.cc(428)] unexpected header
[0330/194121.945:ERROR:crash_report_database_win.cc(428)] unexpected header
[0331/013035.645:ERROR:crash_report_database_win.cc(428)] unexpected header
[0331/014035.705:ERROR:crash_report_database_win.cc(428)] unexpected header
[0331/014035.801:ERROR:crash_report_database_win.cc(428)] unexpected header
[0331/014535.750:ERROR:crash_report_database_win.cc(428)] unexpected header
[0331/020035.758:ERROR:crash_report_database_win.cc(428)] unexpected header
[0331/021535.772:ERROR:crash_report_database_win.cc(428)] unexpected header
[0331/023035.814:ERROR:crash_report_database_win.cc(428)] unexpected header
[0331/024536.068:ERROR:crash_report_database_win.cc(428)] unexpected header
[0331/030036.068:ERROR:crash_report_database_win.cc(428)] unexpected header
[0331/031536.069:ERROR:crash_report_database_win.cc(428)] unexpected header
[0331/033036.070:ERROR:crash_report_database_win.cc(428)] unexpected header
[0331/034536.071:ERROR:crash_report_database_win.cc(428)] unexpected header
[0331/040036.105:ERROR:crash_report_database_win.cc(428)] unexpected header
[0331/041536.112:ERROR:crash_report_database_win.cc(428)] unexpected header
[0331/043036.144:ERROR:crash_report_database_win.cc(428)] unexpected header
[0331/044839.394:ERROR:crash_report_database_win.cc(428)] unexpected header
[0331/050708.877:ERROR:crash_report_database_win.cc(428)] unexpected header
[0331/052208.878:ERROR:crash_report_database_win.cc(428)] unexpected header
[0331/053708.879:ERROR:crash_report_database_win.cc(428)] unexpected header
[0331/055208.879:ERROR:crash_report_database_win.cc(428)] unexpected header
[0331/060708.880:ERROR:crash_report_database_win.cc(428)] unexpected header
[0331/062327.736:ERROR:crash_report_database_win.cc(428)] unexpected header
[0331/063836.953:ERROR:crash_report_database_win.cc(428)] unexpected header
[0331/065336.957:ERROR:crash_report_database_win.cc(428)] unexpected header
[0331/070836.961:ERROR:crash_report_database_win.cc(428)] unexpected header
[0331/072337.023:ERROR:crash_report_database_win.cc(428)] unexpected header
[0331/073837.352:ERROR:crash_report_database_win.cc(428)] unexpected header
[0331/075338.510:ERROR:crash_report_database_win.cc(428)] unexpected header
[0331/081855.854:ERROR:crash_report_database_win.cc(428)] unexpected header
[0331/083355.997:ERROR:crash_report_database_win.cc(428)] unexpected header
[0331/084856.018:ERROR:crash_report_database_win.cc(428)] unexpected header
[0331/090356.020:ERROR:crash_report_database_win.cc(428)] unexpected header
[0331/091856.024:ERROR:crash_report_database_win.cc(428)] unexpected header
[0331/093356.028:ERROR:crash_report_database_win.cc(428)] unexpected header
[0331/094856.028:ERROR:crash_report_database_win.cc(428)] unexpected header
[0331/100356.030:ERROR:crash_report_database_win.cc(428)] unexpected header
[0331/101856.065:ERROR:crash_report_database_win.cc(428)] unexpected header
[0331/142118.873:ERROR:crash_report_database_win.cc(428)] unexpected header
[0331/143619.306:ERROR:crash_report_database_win.cc(428)] unexpected header
[0331/145119.355:ERROR:crash_report_database_win.cc(428)] unexpected header
[0331/212530.596:ERROR:crash_report_database_win.cc(428)] unexpected header
[0331/214030.693:ERROR:crash_report_database_win.cc(428)] unexpected header
[0331/215530.741:ERROR:crash_report_database_win.cc(428)] unexpected header
